2025-12-06T10:22:48.451+01:00  INFO 10580 --- [club] [main] com.club.club.ClubApplication            : Starting ClubApplication using Java 21.0.9 with PID 10580 (C:\Users\juanc\OneDrive\2DAW\ENTORNO-SERVIDOR\SPRINGBOOT\ClubRitmica\club\target\classes started by juanc in C:\Users\juanc\OneDrive\2DAW\ENTORNO-SERVIDOR\SPRINGBOOT\ClubRitmica)
2025-12-06T10:22:48.513+01:00  INFO 10580 --- [club] [main] com.club.club.ClubApplication            : No active profile set, falling back to 1 default profile: "default"
2025-12-06T10:22:52.992+01:00  INFO 10580 --- [club] [main] .s.d.r.c.RepositoryConfigurationDelegate : Bootstrapping Spring Data JPA repositories in DEFAULT mode.
2025-12-06T10:22:53.352+01:00  INFO 10580 --- [club] [main] .s.d.r.c.RepositoryConfigurationDelegate : Finished Spring Data repository scanning in 303 ms. Found 10 JPA repository interfaces.
2025-12-06T10:22:55.961+01:00  INFO 10580 --- [club] [main] o.s.boot.tomcat.TomcatWebServer          : Tomcat initialized with port 8080 (http)
2025-12-06T10:22:56.042+01:00  INFO 10580 --- [club] [main] o.apache.catalina.core.StandardService   : Starting service [Tomcat]
2025-12-06T10:22:56.043+01:00  INFO 10580 --- [club] [main] o.apache.catalina.core.StandardEngine    : Starting Servlet engine: [Apache Tomcat/11.0.13]
2025-12-06T10:22:56.237+01:00  INFO 10580 --- [club] [main] b.w.c.s.WebApplicationContextInitializer : Root WebApplicationContext: initialization completed in 7394 ms
2025-12-06T10:22:56.944+01:00  INFO 10580 --- [club] [main] o.hibernate.jpa.internal.util.LogHelper  : HHH000204: Processing PersistenceUnitInfo [name: default]
2025-12-06T10:22:57.247+01:00  INFO 10580 --- [club] [main] org.hibernate.Version                    : HHH000412: Hibernate ORM core version 7.1.4.Final
2025-12-06T10:22:58.737+01:00  INFO 10580 --- [club] [main] o.s.o.j.p.SpringPersistenceUnitInfo      : No LoadTimeWeaver setup: ignoring JPA class transformer
2025-12-06T10:22:58.889+01:00  INFO 10580 --- [club] [main] com.zaxxer.hikari.HikariDataSource       : HikariPool-1 - Starting...
2025-12-06T10:22:59.924+01:00  INFO 10580 --- [club] [main] com.zaxxer.hikari.pool.HikariPool        : HikariPool-1 - Added connection com.mysql.cj.jdbc.ConnectionImpl@14993306
2025-12-06T10:22:59.930+01:00  INFO 10580 --- [club] [main] com.zaxxer.hikari.HikariDataSource       : HikariPool-1 - Start completed.
2025-12-06T10:23:00.106+01:00  WARN 10580 --- [club] [main] org.hibernate.orm.deprecation            : HHH90000025: MySQLDialect does not need to be specified explicitly using 'hibernate.dialect' (remove the property setting and it will be selected by default)
2025-12-06T10:23:00.173+01:00  INFO 10580 --- [club] [main] org.hibernate.orm.connections.pooling    : HHH10001005: Database info:
	Database JDBC URL [jdbc:mysql://localhost:3306/club]
	Database driver: MySQL Connector/J
	Database dialect: MySQLDialect
	Database version: 9.2
	Default catalog/schema: club/undefined
	Autocommit mode: undefined/unknown
	Isolation level: REPEATABLE_READ [default REPEATABLE_READ]
	JDBC fetch size: none
	Pool: DatasourceConnectionProviderImpl
	Minimum pool size: undefined/unknown
	Maximum pool size: undefined/unknown
2025-12-06T10:23:03.412+01:00  INFO 10580 --- [club] [main] o.h.e.t.j.p.i.JtaPlatformInitiator       : HHH000489: No JTA platform available (set 'hibernate.transaction.jta.platform' to enable JTA platform integration)
2025-12-06T10:23:03.649+01:00  INFO 10580 --- [club] [main] j.LocalContainerEntityManagerFactoryBean : Initialized JPA EntityManagerFactory for persistence unit 'default'
2025-12-06T10:23:03.912+01:00  INFO 10580 --- [club] [main] o.s.d.j.r.query.QueryEnhancerFactories   : Hibernate is in classpath; If applicable, HQL parser will be used.
2025-12-06T10:23:07.782+01:00  WARN 10580 --- [club] [main] o.s.security.core.userdetails.User       : User.withDefaultPasswordEncoder() is considered unsafe for production and is only intended for sample applications.
2025-12-06T10:23:08.064+01:00  INFO 10580 --- [club] [main] r$InitializeUserDetailsManagerConfigurer : Global AuthenticationManager configured with UserDetailsService bean with name userDetailsService
2025-12-06T10:23:10.534+01:00  INFO 10580 --- [club] [main] o.s.boot.tomcat.TomcatWebServer          : Tomcat started on port 8080 (http) with context path '/'
2025-12-06T10:23:10.576+01:00  INFO 10580 --- [club] [main] com.club.club.ClubApplication            : Started ClubApplication in 24.143 seconds (process running for 25.731)
2025-12-06T10:23:22.303+01:00  INFO 10580 --- [club] [http-nio-8080-exec-1] o.a.c.c.C.[Tomcat].[localhost].[/]       : Initializing Spring DispatcherServlet 'dispatcherServlet'
2025-12-06T10:23:22.311+01:00  INFO 10580 --- [club] [http-nio-8080-exec-1] o.s.web.servlet.DispatcherServlet        : Initializing Servlet 'dispatcherServlet'
2025-12-06T10:23:22.316+01:00  INFO 10580 --- [club] [http-nio-8080-exec-1] o.s.web.servlet.DispatcherServlet        : Completed initialization in 5 ms
2025-12-06T10:26:52.262+01:00  INFO 20048 --- [club] [main] com.club.club.ClubApplication            : Starting ClubApplication using Java 21.0.9 with PID 20048 (C:\Users\juanc\OneDrive\2DAW\ENTORNO-SERVIDOR\SPRINGBOOT\ClubRitmica\club\target\classes started by juanc in C:\Users\juanc\OneDrive\2DAW\ENTORNO-SERVIDOR\SPRINGBOOT\ClubRitmica)
2025-12-06T10:26:52.279+01:00  INFO 20048 --- [club] [main] com.club.club.ClubApplication            : No active profile set, falling back to 1 default profile: "default"
2025-12-06T10:26:54.980+01:00  INFO 20048 --- [club] [main] .s.d.r.c.RepositoryConfigurationDelegate : Bootstrapping Spring Data JPA repositories in DEFAULT mode.
2025-12-06T10:26:55.352+01:00  INFO 20048 --- [club] [main] .s.d.r.c.RepositoryConfigurationDelegate : Finished Spring Data repository scanning in 313 ms. Found 10 JPA repository interfaces.
2025-12-06T10:26:57.355+01:00  INFO 20048 --- [club] [main] o.s.boot.tomcat.TomcatWebServer          : Tomcat initialized with port 8080 (http)
2025-12-06T10:26:57.429+01:00  INFO 20048 --- [club] [main] o.apache.catalina.core.StandardService   : Starting service [Tomcat]
2025-12-06T10:26:57.429+01:00  INFO 20048 --- [club] [main] o.apache.catalina.core.StandardEngine    : Starting Servlet engine: [Apache Tomcat/11.0.13]
2025-12-06T10:26:57.697+01:00  INFO 20048 --- [club] [main] b.w.c.s.WebApplicationContextInitializer : Root WebApplicationContext: initialization completed in 5233 ms
2025-12-06T10:26:58.411+01:00  INFO 20048 --- [club] [main] o.hibernate.jpa.internal.util.LogHelper  : HHH000204: Processing PersistenceUnitInfo [name: default]
2025-12-06T10:26:58.633+01:00  INFO 20048 --- [club] [main] org.hibernate.Version                    : HHH000412: Hibernate ORM core version 7.1.4.Final
2025-12-06T10:27:00.475+01:00  INFO 20048 --- [club] [main] o.s.o.j.p.SpringPersistenceUnitInfo      : No LoadTimeWeaver setup: ignoring JPA class transformer
2025-12-06T10:27:00.592+01:00  INFO 20048 --- [club] [main] com.zaxxer.hikari.HikariDataSource       : HikariPool-1 - Starting...
2025-12-06T10:27:01.616+01:00  INFO 20048 --- [club] [main] com.zaxxer.hikari.pool.HikariPool        : HikariPool-1 - Added connection com.mysql.cj.jdbc.ConnectionImpl@65a4b9d6
2025-12-06T10:27:01.623+01:00  INFO 20048 --- [club] [main] com.zaxxer.hikari.HikariDataSource       : HikariPool-1 - Start completed.
2025-12-06T10:27:01.812+01:00  WARN 20048 --- [club] [main] org.hibernate.orm.deprecation            : HHH90000025: MySQLDialect does not need to be specified explicitly using 'hibernate.dialect' (remove the property setting and it will be selected by default)
2025-12-06T10:27:01.887+01:00  INFO 20048 --- [club] [main] org.hibernate.orm.connections.pooling    : HHH10001005: Database info:
	Database JDBC URL [jdbc:mysql://localhost:3306/club]
	Database driver: MySQL Connector/J
	Database dialect: MySQLDialect
	Database version: 9.2
	Default catalog/schema: club/undefined
	Autocommit mode: undefined/unknown
	Isolation level: REPEATABLE_READ [default REPEATABLE_READ]
	JDBC fetch size: none
	Pool: DatasourceConnectionProviderImpl
	Minimum pool size: undefined/unknown
	Maximum pool size: undefined/unknown
2025-12-06T10:27:04.416+01:00  INFO 20048 --- [club] [main] o.h.e.t.j.p.i.JtaPlatformInitiator       : HHH000489: No JTA platform available (set 'hibernate.transaction.jta.platform' to enable JTA platform integration)
2025-12-06T10:27:04.644+01:00  INFO 20048 --- [club] [main] j.LocalContainerEntityManagerFactoryBean : Initialized JPA EntityManagerFactory for persistence unit 'default'
2025-12-06T10:27:04.966+01:00  INFO 20048 --- [club] [main] o.s.d.j.r.query.QueryEnhancerFactories   : Hibernate is in classpath; If applicable, HQL parser will be used.
2025-12-06T10:27:07.949+01:00  WARN 20048 --- [club] [main] o.s.security.core.userdetails.User       : User.withDefaultPasswordEncoder() is considered unsafe for production and is only intended for sample applications.
2025-12-06T10:27:08.265+01:00  INFO 20048 --- [club] [main] r$InitializeUserDetailsManagerConfigurer : Global AuthenticationManager configured with UserDetailsService bean with name userDetailsService
2025-12-06T10:27:10.639+01:00  INFO 20048 --- [club] [main] o.s.boot.tomcat.TomcatWebServer          : Tomcat started on port 8080 (http) with context path '/'
2025-12-06T10:27:10.671+01:00  INFO 20048 --- [club] [main] com.club.club.ClubApplication            : Started ClubApplication in 20.003 seconds (process running for 21.318)
2025-12-06T10:27:28.949+01:00  INFO 20048 --- [club] [http-nio-8080-exec-1] o.a.c.c.C.[Tomcat].[localhost].[/]       : Initializing Spring DispatcherServlet 'dispatcherServlet'
2025-12-06T10:27:28.949+01:00  INFO 20048 --- [club] [http-nio-8080-exec-1] o.s.web.servlet.DispatcherServlet        : Initializing Servlet 'dispatcherServlet'
2025-12-06T10:27:28.949+01:00  INFO 20048 --- [club] [http-nio-8080-exec-1] o.s.web.servlet.DispatcherServlet        : Completed initialization in 0 ms
2025-12-06T10:27:44.976+01:00  WARN 20048 --- [club] [http-nio-8080-exec-7] actStandardFragmentInsertionTagProcessor : [THYMELEAF][http-nio-8080-exec-7][club/lista] Deprecated unwrapped fragment expression "fragments/menu :: menu" found in template club/lista, line 10, col 10. Please use the complete syntax of fragment expressions instead ("~{fragments/menu :: menu}"). The old, unwrapped syntax for fragment expressions will be removed in future versions of Thymeleaf.
2025-12-06T10:51:02.896+01:00  WARN 20048 --- [club] [http-nio-8080-exec-9] actStandardFragmentInsertionTagProcessor : [THYMELEAF][http-nio-8080-exec-9][club/lista] Deprecated unwrapped fragment expression "fragments/menu :: menu" found in template club/lista, line 10, col 10. Please use the complete syntax of fragment expressions instead ("~{fragments/menu :: menu}"). The old, unwrapped syntax for fragment expressions will be removed in future versions of Thymeleaf.
2025-12-06T10:51:06.562+01:00  WARN 20048 --- [club] [http-nio-8080-exec-3] actStandardFragmentInsertionTagProcessor : [THYMELEAF][http-nio-8080-exec-3][club/lista] Deprecated unwrapped fragment expression "fragments/menu :: menu" found in template club/lista, line 10, col 10. Please use the complete syntax of fragment expressions instead ("~{fragments/menu :: menu}"). The old, unwrapped syntax for fragment expressions will be removed in future versions of Thymeleaf.
2025-12-06T10:51:07.594+01:00  WARN 20048 --- [club] [http-nio-8080-exec-6] actStandardFragmentInsertionTagProcessor : [THYMELEAF][http-nio-8080-exec-6][gimnasta/lista] Deprecated unwrapped fragment expression "fragments/menu :: menu" found in template gimnasta/lista, line 11, col 10. Please use the complete syntax of fragment expressions instead ("~{fragments/menu :: menu}"). The old, unwrapped syntax for fragment expressions will be removed in future versions of Thymeleaf.
